Arguments: 
  C:\Program Files\nodejs\node.exe C:\Users\MarcoHuang\AppData\Roaming\npm\node_modules\yarn\bin\yarn.js add body-Parser

PATH: 
  C:\Windows\system32;C:\Windows;C:\Windows\System32\Wbem;C:\Windows\System32\WindowsPowerShell\v1.0\;C:\Windows\System32\OpenSSH\;C:\Program Files (x86)\NVIDIA Corporation\PhysX\Common;C:\Program Files\NVIDIA Corporation\NVIDIA NvDLISR;C:\WINDOWS\system32;C:\WINDOWS;C:\WINDOWS\System32\Wbem;C:\WINDOWS\System32\WindowsPowerShell\v1.0\;C:\WINDOWS\System32\OpenSSH\;C:\Program Files\Git\cmd;C:\Users\MarcoHuang\AppData\Local\Programs\Python\Python310\python.exe;C:\Program Files\nodejs\;C:\Program Files\dotnet\;C:\MinGW\bin;C:\Users\MarcoHuang\AppData\Local\Programs\Python\Python310\Scripts\;C:\Users\MarcoHuang\AppData\Local\Programs\Python\Python310\;C:\Users\MarcoHuang\AppData\Local\Microsoft\WindowsApps;;C:\Users\MarcoHuang\AppData\Local\Programs\Microsoft VS Code\bin;C:\Users\MarcoHuang\AppData\Roaming\npm

Yarn version: 
  1.22.17

Node version: 
  16.13.0

Platform: 
  win32 x64

Trace: 
  Error: https://registry.yarnpkg.com/body-Parser: Not found
      at Request.params.callback [as _callback] (C:\Users\MarcoHuang\AppData\Roaming\npm\node_modules\yarn\lib\cli.js:67029:18)
      at Request.self.callback (C:\Users\MarcoHuang\AppData\Roaming\npm\node_modules\yarn\lib\cli.js:140883:22)
      at Request.emit (node:events:390:28)
      at Request.<anonymous> (C:\Users\MarcoHuang\AppData\Roaming\npm\node_modules\yarn\lib\cli.js:141855:10)
      at Request.emit (node:events:390:28)
      at IncomingMessage.<anonymous> (C:\Users\MarcoHuang\AppData\Roaming\npm\node_modules\yarn\lib\cli.js:141777:12)
      at Object.onceWrapper (node:events:509:28)
      at IncomingMessage.emit (node:events:402:35)
      at endReadableNT (node:internal/streams/readable:1343:12)
      at processTicksAndRejections (node:internal/process/task_queues:83:21)

npm manifest: 
  No manifest

yarn manifest: 
  No manifest

Lockfile: 
  # THIS IS AN AUTOGENERATED FILE. DO NOT EDIT THIS FILE DIRECTLY.
  # yarn lockfile v1
